<?xml version="1.0" encoding="UTF-8"?>
<testng-results skipped="0" failed="0" total="1" passed="1">
  <reporter-output>
  </reporter-output>
  <suite name="Default suite" duration-ms="1100753" started-at="2016-05-05T11:12:21Z" finished-at="2016-05-05T11:30:41Z">
    <groups>
    </groups>
    <test name="Default test" duration-ms="1100753" started-at="2016-05-05T11:12:21Z" finished-at="2016-05-05T11:30:41Z">
      <class name="com.weather.videoads.VideoAds">
        <test-method status="PASS" signature="setUp()[pri:0, instance:com.weather.videoads.VideoAds@1e643faf]" name="setUp" is-config="true" duration-ms="341154" started-at="2016-05-05T16:42:21Z" finished-at="2016-05-05T16:48:02Z">
          <reporter-output>
          </reporter-output>
        </test-method> <!-- setUp -->
        <test-method status="PASS" signature="testAd()[pri:0, instance:com.weather.videoads.VideoAds@1e643faf]" name="testAd" duration-ms="758202" started-at="2016-05-05T16:48:02Z" finished-at="2016-05-05T17:00:40Z">
          <reporter-output>
          </reporter-output>
        </test-method> <!-- testAd -->
        <test-method status="PASS" signature="stop()[pri:0, instance:com.weather.videoads.VideoAds@1e643faf]" name="stop" is-config="true" duration-ms="1379" started-at="2016-05-05T17:00:40Z" finished-at="2016-05-05T17:00:41Z">
          <reporter-output>
          </reporter-output>
        </test-method> <!-- stop -->
      </class> <!-- com.weather.videoads.VideoAds -->
    </test> <!-- Default test -->
  </suite> <!-- Default suite -->
</testng-results>
