<?xml version="1.0" encoding="UTF-8"?>
<testng-results skipped="1" failed="0" total="1" passed="0">
  <reporter-output>
  </reporter-output>
  <suite name="Default suite" duration-ms="110" started-at="2015-12-28T10:23:48Z" finished-at="2015-12-28T10:23:48Z">
    <groups>
    </groups>
    <test name="Default test" duration-ms="110" started-at="2015-12-28T10:23:48Z" finished-at="2015-12-28T10:23:48Z">
      <class name="com.weather.VideoAds">
        <test-method status="FAIL" signature="setUp()[pri:0, instance:com.weather.VideoAds@1bf02c8a]" name="setUp" is-config="true" duration-ms="0" started-at="2015-12-28T15:53:48Z" finished-at="2015-12-28T15:53:48Z">
          <exception class="java.lang.NoSuchFieldError">
            <message>
              <![CDATA[INSTANCE]]>
            </message>
            <full-stacktrace>
              <![CDATA[java.lang.NoSuchFieldError: INSTANCE
	at org.apache.http.conn.ssl.SSLConnectionSocketFactory.<clinit>(SSLConnectionSocketFactory.java:144)
	at org.openqa.selenium.remote.internal.HttpClientFactory.getClientConnectionManager(HttpClientFactory.java:71)
	at org.openqa.selenium.remote.internal.HttpClientFactory.<init>(HttpClientFactory.java:57)
	at org.openqa.selenium.remote.internal.HttpClientFactory.<init>(HttpClientFactory.java:60)
	at org.openqa.selenium.remote.internal.ApacheHttpClient$Factory.getDefaultHttpClientFactory(ApacheHttpClient.java:251)
	at org.openqa.selenium.remote.internal.ApacheHttpClient$Factory.<init>(ApacheHttpClient.java:228)
	at io.appium.java_client.remote.AppiumCommandExecutor.<init>(AppiumCommandExecutor.java:52)
	at io.appium.java_client.AppiumDriver.<init>(AppiumDriver.java:169)
	at io.appium.java_client.android.AndroidDriver.<init>(AndroidDriver.java:82)
	at com.weather.VideoAds.setUp(VideoAds.java:88)
	at sun.reflect.NativeMethodAccessorImpl.invoke0(Native Method)
	at sun.reflect.NativeMethodAccessorImpl.invoke(Unknown Source)
	at sun.reflect.DelegatingMethodAccessorImpl.invoke(Unknown Source)
	at java.lang.reflect.Method.invoke(Unknown Source)
	at org.testng.internal.MethodInvocationHelper.invokeMethod(MethodInvocationHelper.java:84)
	at org.testng.internal.Invoker.invokeConfigurationMethod(Invoker.java:564)
	at org.testng.internal.Invoker.invokeConfigurations(Invoker.java:213)
	at org.testng.internal.Invoker.invokeConfigurations(Invoker.java:138)
	at org.testng.internal.TestMethodWorker.invokeBeforeClassMethods(TestMethodWorker.java:175)
	at org.testng.internal.TestMethodWorker.run(TestMethodWorker.java:107)
	at org.testng.TestRunner.privateRun(TestRunner.java:767)
	at org.testng.TestRunner.run(TestRunner.java:617)
	at org.testng.SuiteRunner.runTest(SuiteRunner.java:334)
	at org.testng.SuiteRunner.runSequentially(SuiteRunner.java:329)
	at org.testng.SuiteRunner.privateRun(SuiteRunner.java:291)
	at org.testng.SuiteRunner.run(SuiteRunner.java:240)
	at org.testng.SuiteRunnerWorker.runSuite(SuiteRunnerWorker.java:52)
	at org.testng.SuiteRunnerWorker.run(SuiteRunnerWorker.java:86)
	at org.testng.TestNG.runSuitesSequentially(TestNG.java:1224)
	at org.testng.TestNG.runSuitesLocally(TestNG.java:1149)
	at org.testng.TestNG.run(TestNG.java:1057)
	at org.testng.remote.RemoteTestNG.run(RemoteTestNG.java:111)
	at org.testng.remote.RemoteTestNG.initAndRun(RemoteTestNG.java:204)
	at org.testng.remote.RemoteTestNG.main(RemoteTestNG.java:175)
]]>
            </full-stacktrace>
          </exception> <!-- java.lang.NoSuchFieldError -->
          <reporter-output>
          </reporter-output>
        </test-method> <!-- setUp -->
        <test-method status="SKIP" signature="testAd()[pri:0, instance:com.weather.VideoAds@1bf02c8a]" name="testAd" duration-ms="1" started-at="2015-12-28T15:53:48Z" finished-at="2015-12-28T15:53:48Z">
          <reporter-output>
          </reporter-output>
        </test-method> <!-- testAd -->
        <test-method status="SKIP" signature="stop()[pri:0, instance:com.weather.VideoAds@1bf02c8a]" name="stop" is-config="true" duration-ms="0" started-at="2015-12-28T15:53:48Z" finished-at="2015-12-28T15:53:48Z">
          <reporter-output>
          </reporter-output>
        </test-method> <!-- stop -->
      </class> <!-- com.weather.VideoAds -->
    </test> <!-- Default test -->
  </suite> <!-- Default suite -->
</testng-results>
